03:08:43.270 [main] INFO  testCases.TC_004_EndToEndCase - click on cart button...
03:08:43.476 [main] INFO  testCases.TC_004_EndToEndCase - click on proceed to checkout button
03:08:46.282 [main] INFO  testCases.TC_004_EndToEndCase - shipping address verify
03:08:46.846 [main] INFO  testCases.TC_004_EndToEndCase - entering company name
03:08:47.911 [main] INFO  testCases.TC_004_EndToEndCase - enter StreetAaddress 1
03:08:48.102 [main] INFO  testCases.TC_004_EndToEndCase - enter street Address 2
03:08:48.216 [main] INFO  testCases.TC_004_EndToEndCase - enter street address 3
03:08:48.327 [main] INFO  testCases.TC_004_EndToEndCase - enter city name
03:08:48.497 [main] INFO  testCases.TC_004_EndToEndCase - select state
03:08:48.746 [main] INFO  testCases.TC_004_EndToEndCase - enter postalcode
03:08:48.954 [main] INFO  testCases.TC_004_EndToEndCase - select country
03:08:49.187 [main] INFO  testCases.TC_004_EndToEndCase - enter phone number
03:08:49.392 [main] INFO  testCases.TC_004_EndToEndCase - select shipping methods
03:08:49.518 [main] INFO  testCases.TC_004_EndToEndCase - click on next button
03:08:49.642 [main] INFO  testCases.TC_004_EndToEndCase - click on place order button
03:08:52.997 [main] ERROR testCases.TC_004_EndToEndCase - test fails..
03:09:55.343 [main] DEBUG org.testng.TestNG - suiteXmlPath: "C:\Users\ankit\git\Ecommerce\Luma\grouping.xml"
03:09:55.906 [main] INFO  org.testng.internal.Utils - [TestNG] Running:
  C:\Users\ankit\git\Ecommerce\Luma\grouping.xml

03:10:02.475 [main] INFO  testCases.TC_004_EndToEndCase - *****Started TC_004_CheckOut....****
03:10:02.476 [main] DEBUG testCases.TC_004_EndToEndCase - capturing application debug log..
03:10:02.536 [main] INFO  testCases.TC_004_EndToEndCase - click on sign in button to from homepage..
03:10:04.394 [main] INFO  testCases.TC_004_EndToEndCase - enter email address...
03:10:04.647 [main] INFO  testCases.TC_004_EndToEndCase - enter passowrd..
03:10:04.783 [main] INFO  testCases.TC_004_EndToEndCase - click on sign in button...
03:10:07.599 [main] INFO  testCases.TC_004_EndToEndCase - writing product name
03:10:07.735 [main] INFO  testCases.TC_004_EndToEndCase - clicking on search button
03:10:09.757 [main] INFO  testCases.TC_004_EndToEndCase - click on the item
03:10:11.717 [main] INFO  testCases.TC_004_EndToEndCase - selecting size of the item
03:10:11.969 [main] INFO  testCases.TC_004_EndToEndCase - selecting color of item
03:10:12.109 [main] INFO  testCases.TC_004_EndToEndCase - setting number of items
03:10:12.390 [main] INFO  testCases.TC_004_EndToEndCase - clicking on add to cart button
03:10:12.534 [main] INFO  testCases.TC_004_EndToEndCase - verify added to cart succcess msg dispalyed
03:10:14.196 [main] INFO  testCases.TC_004_EndToEndCase - click on cart button...
03:10:14.389 [main] INFO  testCases.TC_004_EndToEndCase - click on proceed to checkout button
03:10:16.887 [main] INFO  testCases.TC_004_EndToEndCase - shipping address verify
03:10:17.448 [main] INFO  testCases.TC_004_EndToEndCase - entering company name
03:10:18.461 [main] INFO  testCases.TC_004_EndToEndCase - enter StreetAaddress 1
03:10:18.640 [main] INFO  testCases.TC_004_EndToEndCase - enter street Address 2
03:10:18.754 [main] INFO  testCases.TC_004_EndToEndCase - enter street address 3
03:10:18.870 [main] INFO  testCases.TC_004_EndToEndCase - enter city name
03:10:19.066 [main] INFO  testCases.TC_004_EndToEndCase - select state
03:10:19.337 [main] INFO  testCases.TC_004_EndToEndCase - enter postalcode
03:10:19.556 [main] INFO  testCases.TC_004_EndToEndCase - select country
03:10:19.809 [main] INFO  testCases.TC_004_EndToEndCase - enter phone number
03:10:20.007 [main] INFO  testCases.TC_004_EndToEndCase - select shipping methods
03:10:20.139 [main] INFO  testCases.TC_004_EndToEndCase - click on next button
03:10:20.260 [main] INFO  testCases.TC_004_EndToEndCase - click on place order button
03:10:23.544 [main] ERROR testCases.TC_004_EndToEndCase - test fails..
03:11:49.168 [main] DEBUG org.testng.TestNG - suiteXmlPath: "C:\Users\ankit\git\Ecommerce\Luma\grouping.xml"
03:11:49.735 [main] INFO  org.testng.internal.Utils - [TestNG] Running:
  C:\Users\ankit\git\Ecommerce\Luma\grouping.xml

03:11:56.976 [main] INFO  testCases.TC_004_EndToEndCase - *****Started TC_004_CheckOut....****
03:11:56.976 [main] DEBUG testCases.TC_004_EndToEndCase - capturing application debug log..
03:11:57.019 [main] INFO  testCases.TC_004_EndToEndCase - click on sign in button to from homepage..
03:11:59.982 [main] INFO  testCases.TC_004_EndToEndCase - enter email address...
03:12:00.419 [main] INFO  testCases.TC_004_EndToEndCase - enter passowrd..
03:12:00.681 [main] INFO  testCases.TC_004_EndToEndCase - click on sign in button...
03:12:03.291 [main] INFO  testCases.TC_004_EndToEndCase - writing product name
03:12:03.406 [main] INFO  testCases.TC_004_EndToEndCase - clicking on search button
03:12:05.623 [main] INFO  testCases.TC_004_EndToEndCase - click on the item
