14:36:29.379 [main] INFO  testCases.TC_001_AccountRegistrationTest - test passed
14:36:29.395 [main] DEBUG testCases.TC_001_AccountRegistrationTest - application logs ended...
14:36:29.395 [main] INFO  testCases.TC_001_AccountRegistrationTest - finished test case
14:36:34.499 [main] INFO  testCases.TC_002_LoginTest - *****Started TC_002_LoginTest....****
14:36:34.499 [main] DEBUG testCases.TC_002_LoginTest - capturing application debug log..
14:36:34.541 [main] INFO  testCases.TC_002_LoginTest - click on sign in button to from homepage..
14:36:36.274 [main] INFO  testCases.TC_002_LoginTest - enter email address...
14:36:36.528 [main] INFO  testCases.TC_002_LoginTest - enter passowrd..
14:36:38.958 [main] INFO  testCases.TC_002_LoginTest - click on sign in button...
14:36:38.958 [main] INFO  testCases.TC_002_LoginTest - validation the my account page...
14:36:39.335 [main] INFO  testCases.TC_002_LoginTest - test pass...
14:36:39.335 [main] INFO  testCases.TC_002_LoginTest - *****Ended TC_002_LoginTest....****
14:43:15.315 [main] DEBUG org.testng.TestNG - suiteXmlPath: "C:\Users\ankit\git\Ecommerce\Luma\final.xml"
14:43:23.218 [main] INFO  testCases.TC_001_AccountRegistrationTest - ****Starting TC_001_AccountRegistrationTest****
14:43:23.218 [main] DEBUG testCases.TC_001_AccountRegistrationTest - application logs started...
14:43:25.241 [main] INFO  testCases.TC_001_AccountRegistrationTest -  clicked on crate account link
14:43:25.609 [main] INFO  testCases.TC_001_AccountRegistrationTest - Entered first name
14:43:25.717 [main] INFO  testCases.TC_001_AccountRegistrationTest - entered last name
14:43:25.847 [main] INFO  testCases.TC_001_AccountRegistrationTest - entered email
14:43:26.092 [main] INFO  testCases.TC_001_AccountRegistrationTest - entered password
14:43:26.325 [main] INFO  testCases.TC_001_AccountRegistrationTest - entered confirm password
14:43:29.552 [main] INFO  testCases.TC_001_AccountRegistrationTest - clicked on Create and account button
14:43:29.660 [main] INFO  testCases.TC_001_AccountRegistrationTest - Validating expected msg...
14:43:29.660 [main] INFO  testCases.TC_001_AccountRegistrationTest - test passed
14:43:29.664 [main] DEBUG testCases.TC_001_AccountRegistrationTest - application logs ended...
14:43:29.664 [main] INFO  testCases.TC_001_AccountRegistrationTest - finished test case
14:43:34.887 [main] INFO  testCases.TC_002_LoginTest - *****Started TC_002_LoginTest....****
14:43:34.888 [main] DEBUG testCases.TC_002_LoginTest - capturing application debug log..
14:43:34.894 [main] INFO  testCases.TC_002_LoginTest - click on sign in button to from homepage..
14:43:36.907 [main] INFO  testCases.TC_002_LoginTest - enter email address...
14:43:37.298 [main] INFO  testCases.TC_002_LoginTest - enter passowrd..
14:43:39.578 [main] INFO  testCases.TC_002_LoginTest - click on sign in button...
14:43:39.578 [main] INFO  testCases.TC_002_LoginTest - validation the my account page...
14:43:40.002 [main] INFO  testCases.TC_002_LoginTest - test pass...
14:43:40.002 [main] INFO  testCases.TC_002_LoginTest - *****Ended TC_002_LoginTest....****
